0 info it worked if it ends with ok
1 verbose cli [ '/usr/local/bin/node',
1 verbose cli   '/usr/local/bin/npm',
1 verbose cli   'install',
1 verbose cli   'gulp',
1 verbose cli   '-g' ]
2 info using npm@2.7.4
3 info using node@v0.12.2
4 silly cache add args [ 'gulp', null ]
5 verbose cache add spec gulp
6 silly cache add parsed spec { raw: 'gulp',
6 silly cache add   scope: null,
6 silly cache add   name: 'gulp',
6 silly cache add   rawSpec: '',
6 silly cache add   spec: '*',
6 silly cache add   type: 'range' }
7 verbose addNamed gulp@*
8 silly addNamed semver.valid null
9 silly addNamed semver.validRange *
10 silly addNameRange { name: 'gulp', range: '*', hasData: false }
11 silly mapToRegistry name gulp
12 silly mapToRegistry using default registry
13 silly mapToRegistry registry https://registry.npmjs.org/
14 silly mapToRegistry uri https://registry.npmjs.org/gulp
15 verbose addNameRange registry:https://registry.npmjs.org/gulp not in flight; fetching
16 verbose request uri https://registry.npmjs.org/gulp
17 verbose request no auth needed
18 info attempt registry request try #1 at 10:34:05 AM
19 verbose request id 9871e809cdbbd584
20 verbose etag "BHIGYLI1LIERN9YDCO2YBFAPV"
21 http request GET https://registry.npmjs.org/gulp
22 http 304 https://registry.npmjs.org/gulp
23 silly get cb [ 304,
23 silly get   { date: 'Tue, 05 Jul 2016 08:34:05 GMT',
23 silly get     via: '1.1 varnish',
23 silly get     'cache-control': 'max-age=300',
23 silly get     etag: '"BHIGYLI1LIERN9YDCO2YBFAPV"',
23 silly get     age: '194',
23 silly get     connection: 'keep-alive',
23 silly get     'x-served-by': 'cache-ams4126-AMS',
23 silly get     'x-cache': 'HIT',
23 silly get     'x-cache-hits': '2',
23 silly get     'x-timer': 'S1467707645.563215,VS0,VE0',
23 silly get     vary: 'Accept-Encoding' } ]
24 verbose etag https://registry.npmjs.org/gulp from cache
25 verbose get saving gulp to /Users/jensfarvig/.npm/registry.npmjs.org/gulp/.cache.json
26 silly addNameRange number 2 { name: 'gulp', range: '*', hasData: true }
27 silly addNameRange versions [ 'gulp',
27 silly addNameRange   [ '0.0.1',
27 silly addNameRange     '0.0.2',
27 silly addNameRange     '0.0.3',
27 silly addNameRange     '0.0.4',
27 silly addNameRange     '0.0.5',
27 silly addNameRange     '0.0.7',
27 silly addNameRange     '0.0.8',
27 silly addNameRange     '0.0.9',
27 silly addNameRange     '0.1.0',
27 silly addNameRange     '0.2.0',
27 silly addNameRange     '1.0.0',
27 silly addNameRange     '1.1.0',
27 silly addNameRange     '1.2.0',
27 silly addNameRange     '1.2.1',
27 silly addNameRange     '2.0.0',
27 silly addNameRange     '2.0.1',
27 silly addNameRange     '2.1.0',
27 silly addNameRange     '2.2.0',
27 silly addNameRange     '2.3.0',
27 silly addNameRange     '2.4.0',
27 silly addNameRange     '2.4.1',
27 silly addNameRange     '2.6.0',
27 silly addNameRange     '2.6.1',
27 silly addNameRange     '2.7.0',
27 silly addNameRange     '3.0.0',
27 silly addNameRange     '3.1.1',
27 silly addNameRange     '3.1.2',
27 silly addNameRange     '3.1.3',
27 silly addNameRange     '3.1.4',
27 silly addNameRange     '3.2.0',
27 silly addNameRange     '3.2.1',
27 silly addNameRange     '3.2.2',
27 silly addNameRange     '3.2.3',
27 silly addNameRange     '3.2.4',
27 silly addNameRange     '3.2.5',
27 silly addNameRange     '3.3.0',
27 silly addNameRange     '3.3.1',
27 silly addNameRange     '3.3.2',
27 silly addNameRange     '3.3.4',
27 silly addNameRange     '3.4.0',
27 silly addNameRange     '3.5.0',
27 silly addNameRange     '3.5.1',
27 silly addNameRange     '3.5.2',
27 silly addNameRange     '3.5.5',
27 silly addNameRange     '3.5.6',
27 silly addNameRange     '3.6.0',
27 silly addNameRange     '3.6.1',
27 silly addNameRange     '3.6.2',
27 silly addNameRange     '3.7.0',
27 silly addNameRange     '3.8.0',
27 silly addNameRange     '3.8.1',
27 silly addNameRange     '3.8.2',
27 silly addNameRange     '3.8.3',
27 silly addNameRange     '3.8.4',
27 silly addNameRange     '3.8.5',
27 silly addNameRange     '3.8.6',
27 silly addNameRange     '3.8.7',
27 silly addNameRange     '3.8.8',
27 silly addNameRange     '3.8.9',
27 silly addNameRange     '3.8.10',
27 silly addNameRange     '3.8.11',
27 silly addNameRange     '3.9.0',
27 silly addNameRange     '3.9.1' ] ]
28 verbose addNamed gulp@3.9.1
29 silly addNamed semver.valid 3.9.1
30 silly addNamed semver.validRange 3.9.1
31 silly cache afterAdd gulp@3.9.1
32 verbose afterAdd /Users/jensfarvig/.npm/gulp/3.9.1/package/package.json not in flight; writing
33 verbose afterAdd /Users/jensfarvig/.npm/gulp/3.9.1/package/package.json written
34 silly install resolved [ { name: 'gulp',
34 silly install resolved     description: 'The streaming build system',
34 silly install resolved     version: '3.9.1',
34 silly install resolved     homepage: 'http://gulpjs.com',
34 silly install resolved     repository: { type: 'git', url: 'git+https://github.com/gulpjs/gulp.git' },
34 silly install resolved     author:
34 silly install resolved      { name: 'Fractal',
34 silly install resolved        email: 'contact@wearefractal.com',
34 silly install resolved        url: 'http://wearefractal.com/' },
34 silly install resolved     tags: [ 'build', 'stream', 'system', 'make', 'tool', 'asset', 'pipeline' ],
34 silly install resolved     files: [ 'index.js', 'lib', 'bin', 'completion', 'gulp.1' ],
34 silly install resolved     bin: { gulp: './bin/gulp.js' },
34 silly install resolved     man: [ 'gulp.1' ],
34 silly install resolved     dependencies:
34 silly install resolved      { archy: '^1.0.0',
34 silly install resolved        chalk: '^1.0.0',
34 silly install resolved        deprecated: '^0.0.1',
34 silly install resolved        'gulp-util': '^3.0.0',
34 silly install resolved        interpret: '^1.0.0',
34 silly install resolved        liftoff: '^2.1.0',
34 silly install resolved        minimist: '^1.1.0',
34 silly install resolved        orchestrator: '^0.3.0',
34 silly install resolved        'pretty-hrtime': '^1.0.0',
34 silly install resolved        semver: '^4.1.0',
34 silly install resolved        tildify: '^1.0.0',
34 silly install resolved        v8flags: '^2.0.2',
34 silly install resolved        'vinyl-fs': '^0.3.0' },
34 silly install resolved     devDependencies:
34 silly install resolved      { coveralls: '^2.7.0',
34 silly install resolved        eslint: '^1.7.3',
34 silly install resolved        'eslint-config-gulp': '^2.0.0',
34 silly install resolved        'graceful-fs': '^3.0.0',
34 silly install resolved        istanbul: '^0.3.0',
34 silly install resolved        jscs: '^2.3.5',
34 silly install resolved        'jscs-preset-gulp': '^1.0.0',
34 silly install resolved        'marked-man': '^0.1.3',
34 silly install resolved        mkdirp: '^0.5.0',
34 silly install resolved        mocha: '^2.0.1',
34 silly install resolved        'mocha-lcov-reporter': '^0.0.1',
34 silly install resolved        q: '^1.0.0',
34 silly install resolved        rimraf: '^2.2.5',
34 silly install resolved        should: '^5.0.1' },
34 silly install resolved     scripts:
34 silly install resolved      { prepublish: 'marked-man --name gulp docs/CLI.md > gulp.1',
34 silly install resolved        lint: 'eslint . && jscs *.js bin/ lib/ test/',
34 silly install resolved        pretest: 'npm run lint',
34 silly install resolved        test: 'mocha --reporter spec',
34 silly install resolved        coveralls: 'istanbul cover _mocha --report lcovonly -- -R spec && cat ./coverage/lcov.info | coveralls && rm -rf ./coverage' },
34 silly install resolved     engines: { node: '>= 0.9' },
34 silly install resolved     license: 'MIT',
34 silly install resolved     gitHead: '9c14e3a13a73a32e424f144d62566671b2fcdbed',
34 silly install resolved     bugs: { url: 'https://github.com/gulpjs/gulp/issues' },
34 silly install resolved     _id: 'gulp@3.9.1',
34 silly install resolved     _shasum: '571ce45928dd40af6514fc4011866016c13845b4',
34 silly install resolved     _from: 'gulp@*',
34 silly install resolved     _npmVersion: '2.14.14',
34 silly install resolved     _nodeVersion: '0.10.41',
34 silly install resolved     _npmUser: { name: 'phated', email: 'blaine@iceddev.com' },
34 silly install resolved     maintainers: [ [Object], [Object] ],
34 silly install resolved     dist:
34 silly install resolved      { shasum: '571ce45928dd40af6514fc4011866016c13845b4',
34 silly install resolved        tarball: 'http://registry.npmjs.org/gulp/-/gulp-3.9.1.tgz' },
34 silly install resolved     _npmOperationalInternal:
34 silly install resolved      { host: 'packages-6-west.internal.npmjs.com',
34 silly install resolved        tmp: 'tmp/gulp-3.9.1.tgz_1454957415500_0.15343931876122952' },
34 silly install resolved     directories: {},
34 silly install resolved     _resolved: 'https://registry.npmjs.org/gulp/-/gulp-3.9.1.tgz',
34 silly install resolved     readme: 'ERROR: No README data found!' } ]
35 info install gulp@3.9.1 into /usr/local/lib
36 info installOne gulp@3.9.1
37 verbose installOne of gulp to /usr/local/lib not in flight; installing
38 verbose lock using /Users/jensfarvig/.npm/_locks/gulp-709d00e5d169ceb3.lock for /usr/local/lib/node_modules/gulp
39 silly install write writing gulp 3.9.1 to /usr/local/lib/node_modules/gulp
40 silly cache addNamed cb gulp@3.9.1
41 verbose unbuild lib/node_modules/gulp
42 info preuninstall gulp@3.8.8
43 info uninstall gulp@3.8.8
44 verbose unbuild rmStuff gulp@3.8.8 from /usr/local/lib/node_modules
45 silly gentlyRm /usr/local/bin/gulp is being gently removed
46 silly gentlyRm verifying /usr/local is an npm working directory
47 verbose rmMans man files are [ 'gulp.1' ] in /usr/local/share/man
48 silly rmMan preparing to remove gulp.1
49 silly gentlyRm /usr/local/share/man/man1/gulp.1.1 is being gently removed
50 silly gentlyRm verifying /usr/local is an npm working directory
51 silly gentlyRm containing path /usr/local is under npm's control, in /usr/local
52 silly gentlyRm deletion target /usr/local/bin/gulp is under /usr/local
53 verbose gentlyRm vacuuming from /usr/local/bin/gulp up to /usr/local
54 silly gentlyRm containing path /usr/local is under npm's control, in /usr/local
55 silly gentlyRm deletion target /usr/local/share/man/man1/gulp.1.1 is under /usr/local
56 verbose gentlyRm vacuuming from /usr/local/share/man/man1/gulp.1.1 up to /usr/local
57 silly vacuum-fs removing /usr/local/bin/gulp
58 verbose unlock done using /Users/jensfarvig/.npm/_locks/gulp-709d00e5d169ceb3.lock for /usr/local/lib/node_modules/gulp
59 verbose stack Error: EACCES, unlink '/usr/local/bin/gulp'
59 verbose stack     at Error (native)
60 verbose cwd /Users/jensfarvig/Documents/Klean/sites/ish-prototype/prototype-seed
61 error Darwin 15.5.0
62 error argv "/usr/local/bin/node" "/usr/local/bin/npm" "install" "gulp" "-g"
63 error node v0.12.2
64 error npm  v2.7.4
65 error path /usr/local/bin/gulp
66 error code EACCES
67 error errno -13
68 error Error: EACCES, unlink '/usr/local/bin/gulp'
68 error     at Error (native)
68 error  { [Error: EACCES, unlink '/usr/local/bin/gulp'] errno: -13, code: 'EACCES', path: '/usr/local/bin/gulp' }
69 error Please try running this command again as root/Administrator.
70 verbose exit [ -13, true ]
71 verbose unbuild lib/node_modules/gulp
72 info preuninstall gulp@3.8.8
73 info uninstall gulp@3.8.8
74 verbose unbuild rmStuff gulp@3.8.8 from /usr/local/lib/node_modules
75 silly gentlyRm /usr/local/bin/gulp is being gently removed
76 silly gentlyRm verifying /usr/local is an npm working directory
77 verbose rmMans man files are [ 'gulp.1' ] in /usr/local/share/man
78 silly rmMan preparing to remove gulp.1
79 silly gentlyRm /usr/local/share/man/man1/gulp.1.1 is being gently removed
80 silly gentlyRm verifying /usr/local is an npm working directory
81 silly gentlyRm containing path /usr/local is under npm's control, in /usr/local
82 silly gentlyRm deletion target /usr/local/bin/gulp is under /usr/local
83 verbose gentlyRm vacuuming from /usr/local/bin/gulp up to /usr/local
84 silly gentlyRm containing path /usr/local is under npm's control, in /usr/local
85 silly gentlyRm deletion target /usr/local/share/man/man1/gulp.1.1 is under /usr/local
86 verbose gentlyRm vacuuming from /usr/local/share/man/man1/gulp.1.1 up to /usr/local
87 silly vacuum-fs removing /usr/local/bin/gulp
88 error error rolling back Error: EACCES, unlink '/usr/local/bin/gulp'
88 error error rolling back     at Error (native)
88 error error rolling back  { [Error: EACCES, unlink '/usr/local/bin/gulp'] errno: -13, code: 'EACCES', path: '/usr/local/bin/gulp' }
